
> vertex-landing@0.1.0 build
> next build

 ⚠ Warning: Next.js inferred your workspace root, but it may not be correct.
 We detected multiple lockfiles and selected the directory of /Users/mm-developer01/package-lock.json as the root directory.
 To silence this warning, set `turbopack.root` in your Next.js config, or consider removing one of the lockfiles if it's not needed.
   See https://nextjs.org/docs/app/api-reference/config/next-config-js/turbopack#root-directory for more information.
 Detected additional lockfiles: 
   * /Users/mm-developer01/Desktop/Megamind/vertex/campaingn/package-lock.json

   ▲ Next.js 16.0.7 (Turbopack)
   - Environments: .env

   Creating an optimized production build ...
 ✓ Compiled successfully in 3.4s
   Running TypeScript ...
   Collecting page data using 9 workers ...
   Generating static pages using 9 workers (0/12) ...
   Generating static pages using 9 workers (3/12) 
   Generating static pages using 9 workers (6/12) 
   Generating static pages using 9 workers (9/12) 
 ✓ Generating static pages using 9 workers (12/12) in 283.9ms
   Finalizing page optimization ...

Route (app)
┌ ƒ /
├ ○ /_not-found
├ ƒ /api/send-db
├ ƒ /api/send-email
├ ○ /privacy-policy
├ ○ /private-offices
├ ○ /private-offices/thank-you
├ ○ /robots.txt
├ ○ /sitemap.xml
├ ○ /vertex-solutions
└ ○ /vertex-solutions/thank-you


○  (Static)   prerendered as static content
ƒ  (Dynamic)  server-rendered on demand

